<?xml version="1.0" encoding="UTF-8"?>
<testsuite xmlns:xsi="http://www.w3.org/2001/XMLSchema-instance" xsi:noNamespaceSchemaLocation="https://maven.apache.org/surefire/maven-surefire-plugin/xsd/surefire-test-report.xsd" version="3.0.2" name="Ej18.listaEnlazadaTest" time="0.037" tests="3" errors="0" skipped="0" failures="0">
  <properties>
[...]
</properties>
  <testcase name="testQuitarListaVacia" classname="Ej18.listaEnlazadaTest" time="0.01"/>
  <testcase name="testQuitarElementoInexistente" classname="Ej18.listaEnlazadaTest" time="0.0"/>
  <testcase name="testQuitarElementoExistente" classname="Ej18.listaEnlazadaTest" time="0.001"/>
</testsuite>